SP 13: Entering wait to receive 5 data frames
SP 13: Received packet 0 (1 bytes) from SP 9
SP 13: Received packet 0 (6 bytes) from SP 6
SP 13: Received packet 0 (1 bytes) from SP 17
SP 13: Received packet 0 (1 bytes) from SP 16
SP 13: Received packet 0 (1 bytes) from SP 15
SP 13: Finished waiting for data frames
SP 13: Frame 1, request to send 1 bytes to SP 10
SP 13: Received ok reply from CSP to send data frame 1 to SP 10
SP 13: Sent data packet (17 bytes) to SP 10
SP 13: Frame 2, request to send 1 bytes to SP 11
SP 13: Received ok reply from CSP to send data frame 2 to SP 11
SP 13: Sent data packet (17 bytes) to SP 11
SP 13: Frame 3, request to send 1 bytes to SP 0
SP 13: Received ok reply from CSP to send data frame 3 to SP 0
SP 13: Sent data packet (17 bytes) to SP 0
SP 13: Frame 4, request to send 1 bytes to SP 17
SP 13: Received ok reply from CSP to send data frame 4 to SP 17
SP 13: Sent data packet (17 bytes) to SP 17
SP 13: Frame 5, request to send 1 bytes to SP 8
SP 13: Received ok reply from CSP to send data frame 5 to SP 8
SP 13: Sent data packet (17 bytes) to SP 8
SP 13: Frame 6, request to send 1 bytes to SP 0
SP 13: Received ok reply from CSP to send data frame 6 to SP 0
SP 13: Sent data packet (17 bytes) to SP 0
SP 13: Frame 7, request to send 1 bytes to SP 17
SP 13: Received ok reply from CSP to send data frame 7 to SP 17
SP 13: Sent data packet (17 bytes) to SP 17
SP 13: Frame 8, request to send 1 bytes to SP 5
SP 13: Received ok reply from CSP to send data frame 8 to SP 5
SP 13: Sent data packet (17 bytes) to SP 5
SP 13: Frame 9, request to send 1 bytes to SP 0
SP 13: Received ok reply from CSP to send data frame 9 to SP 0
SP 13: Sent data packet (17 bytes) to SP 0
SP 13: Frame 10, request to send 2 bytes to SP 17
SP 13: Received packet 0 (2 bytes) from SP 3
SP 13: Received ok reply from CSP to send data frame 10 to SP 17
SP 13: Sent data packet (18 bytes) to SP 17
SP 13: Frame 11, request to send 2 bytes to SP 8
SP 13: Received ok reply from CSP to send data frame 11 to SP 8
SP 13: Sent data packet (18 bytes) to SP 8
SP 13: Frame 12, request to send 2 bytes to SP 3
SP 13: Received ok reply from CSP to send data frame 12 to SP 3
SP 13: Sent data packet (18 bytes) to SP 3
SP 13: Frame 13, request to send 2 bytes to SP 14
SP 13: Received ok reply from CSP to send data frame 13 to SP 14
SP 13: Sent data packet (18 bytes) to SP 14
SP 13: Notifying CSP ready to quit
SP 13: Received packet 0 (2 bytes) from SP 8
SP 13: Received packet 0 (2 bytes) from SP 12
SP 13: Received packet 0 (1 bytes) from SP 16
SP 13: Received valid quit response from CSP
SP 13: Ending simulation
