SP 1: Entering wait to receive 2 data frames
SP 1: Received packet 0 (2 bytes) from SP 6
SP 1: Received packet 0 (2 bytes) from SP 11
SP 1: Finished waiting for data frames
SP 1: Frame 1, request to send 1 bytes to SP 5
SP 1: Received ok reply from CSP to send data frame 1 to SP 5
SP 1: Sent data packet (17 bytes) to SP 5
SP 1: Frame 2, request to send 1 bytes to SP 3
SP 1: Received packet 0 (2 bytes) from SP 0
SP 1: Received ok reply from CSP to send data frame 2 to SP 3
SP 1: Sent data packet (17 bytes) to SP 3
SP 1: Frame 3, request to send 1 bytes to SP 0
SP 1: Received ok reply from CSP to send data frame 3 to SP 0
SP 1: Sent data packet (17 bytes) to SP 0
SP 1: Frame 4, request to send 1 bytes to SP 17
SP 1: Received ok reply from CSP to send data frame 4 to SP 17
SP 1: Sent data packet (17 bytes) to SP 17
SP 1: Frame 5, request to send 1 bytes to SP 6
SP 1: Received ok reply from CSP to send data frame 5 to SP 6
SP 1: Sent data packet (17 bytes) to SP 6
SP 1: Frame 6, request to send 1 bytes to SP 0
SP 1: Received ok reply from CSP to send data frame 6 to SP 0
SP 1: Sent data packet (17 bytes) to SP 0
SP 1: Frame 7, request to send 1 bytes to SP 17
SP 1: Received ok reply from CSP to send data frame 7 to SP 17
SP 1: Sent data packet (17 bytes) to SP 17
SP 1: Frame 8, request to send 1 bytes to SP 9
SP 1: Received ok reply from CSP to send data frame 8 to SP 9
SP 1: Sent data packet (17 bytes) to SP 9
SP 1: Frame 9, request to send 1 bytes to SP 0
SP 1: Received ok reply from CSP to send data frame 9 to SP 0
SP 1: Sent data packet (17 bytes) to SP 0
SP 1: Frame 10, request to send 2 bytes to SP 17
SP 1: Received ok reply from CSP to send data frame 10 to SP 17
SP 1: Sent data packet (18 bytes) to SP 17
SP 1: Frame 11, request to send 2 bytes to SP 11
SP 1: Received ok reply from CSP to send data frame 11 to SP 11
SP 1: Sent data packet (18 bytes) to SP 11
SP 1: Frame 12, request to send 2 bytes to SP 6
SP 1: Received ok reply from CSP to send data frame 12 to SP 6
SP 1: Sent data packet (18 bytes) to SP 6
SP 1: Frame 13, request to send 2 bytes to SP 2
SP 1: Received ok reply from CSP to send data frame 13 to SP 2
SP 1: Sent data packet (18 bytes) to SP 2
SP 1: Notifying CSP ready to quit
SP 1: Received packet 0 (2 bytes) from SP 16
SP 1: Received valid quit response from CSP
SP 1: Ending simulation
