SP 16: Frame 1, request to send 1 bytes to SP 13
SP 16: Received ok reply from CSP to send data frame 1 to SP 13
SP 16: Sent data packet (17 bytes) to SP 13
SP 16: Frame 2, request to send 1 bytes to SP 11
SP 16: Received ok reply from CSP to send data frame 2 to SP 11
SP 16: Sent data packet (17 bytes) to SP 11
SP 16: Entering wait to receive 3 data frames
SP 16: Received notification from CSP to stop waiting for packets
SP 16: Frame 3, request to send 1 bytes to SP 13
SP 16: Received ok reply from CSP to send data frame 3 to SP 13
SP 16: Sent data packet (17 bytes) to SP 13
SP 16: Frame 4, request to send 1 bytes to SP 0
SP 16: Received ok reply from CSP to send data frame 4 to SP 0
SP 16: Sent data packet (17 bytes) to SP 0
SP 16: Frame 5, request to send 1 bytes to SP 17
SP 16: Received ok reply from CSP to send data frame 5 to SP 17
SP 16: Sent data packet (17 bytes) to SP 17
SP 16: Frame 6, request to send 1 bytes to SP 10
SP 16: Received ok reply from CSP to send data frame 6 to SP 10
SP 16: Sent data packet (17 bytes) to SP 10
SP 16: Frame 7, request to send 1 bytes to SP 0
SP 16: Received ok reply from CSP to send data frame 7 to SP 0
SP 16: Sent data packet (17 bytes) to SP 0
SP 16: Frame 8, request to send 1 bytes to SP 17
SP 16: Received ok reply from CSP to send data frame 8 to SP 17
SP 16: Sent data packet (17 bytes) to SP 17
SP 16: Frame 9, request to send 1 bytes to SP 7
SP 16: Received ok reply from CSP to send data frame 9 to SP 7
SP 16: Sent data packet (17 bytes) to SP 7
SP 16: Frame 10, request to send 2 bytes to SP 0
SP 16: Received ok reply from CSP to send data frame 10 to SP 0
SP 16: Sent data packet (18 bytes) to SP 0
SP 16: Frame 11, request to send 2 bytes to SP 17
SP 16: Received ok reply from CSP to send data frame 11 to SP 17
SP 16: Sent data packet (18 bytes) to SP 17
SP 16: Frame 12, request to send 2 bytes to SP 11
SP 16: Received ok reply from CSP to send data frame 12 to SP 11
SP 16: Sent data packet (18 bytes) to SP 11
SP 16: Frame 13, request to send 2 bytes to SP 6
SP 16: Received ok reply from CSP to send data frame 13 to SP 6
SP 16: Sent data packet (18 bytes) to SP 6
SP 16: Frame 14, request to send 2 bytes to SP 1
SP 16: Received ok reply from CSP to send data frame 14 to SP 1
SP 16: Sent data packet (18 bytes) to SP 1
SP 16: Notifying CSP ready to quit
SP 16: Received valid quit response from CSP
SP 16: Ending simulation
