CSP: Receive request from SP 11 (17 bytes to SP 8)
CSP: Request from SP 11 is queued in the request queue
CSP: Receive request from SP 0 (17 bytes to SP 4)
CSP: Request from SP 0 is queued in the request queue
CSP: Receive request from SP 10 (17 bytes to SP 7)
CSP: Request from SP 10 is queued in the request queue
CSP: Receive request from SP 14 (17 bytes to SP 11)
CSP: Request from SP 14 is accepted
CSP: Receive request from SP 2 (17 bytes to SP 6)
CSP: Request from SP 2 is queued in the request queue
CSP: Receiving data frame from SP 14
CSP: Forwarded data frame (from SP 14) to SP 11
CSP: Receive request from SP 14 (17 bytes to SP 12)
CSP: Request from SP 14 is queued in the request queue
CSP: Received a notification that SP 1 will wait for 2 packets
CSP: Moved SP 11 request from request queue to data queue, sent acknowledgement
CSP: Receive request from SP 8 (17 bytes to SP 5)
CSP: Request from SP 8 is queued in the request queue
CSP: Receiving data frame from SP 11
CSP: Forwarded data frame (from SP 11) to SP 8
CSP: Receive request from SP 11 (17 bytes to SP 15)
CSP: Request from SP 11 is queued in the request queue
CSP: Receive request from SP 12 (17 bytes to SP 9)
CSP: Request from SP 12 is queued in the request queue
CSP: Moved SP 0 request from request queue to data queue, sent acknowledgement
CSP: Receive request from SP 3 (17 bytes to SP 7)
CSP: Request from SP 3 is queued in the request queue
CSP: Receive request from SP 4 (17 bytes to SP 8)
CSP: Request from SP 4 is accepted
CSP: Receive request from SP 15 (17 bytes to SP 12)
CSP: Request from SP 15 is queued in the request queue
CSP: Receive request from SP 16 (17 bytes to SP 13)
CSP: Request from SP 16 is queued in the request queue
CSP: Receiving data frame from SP 0
CSP: Forwarded data frame (from SP 0) to SP 4
CSP: Receiving data frame from SP 4
CSP: Forwarded data frame (from SP 4) to SP 8
CSP: Receive request from SP 0 (22 bytes to SP 7)
CSP: Request from SP 0 is queued in the request queue
CSP: Received a notification that SP 4 will wait for 5 packets
CSP: Receive request from SP 17 (17 bytes to SP 14)
CSP: Request from SP 17 is accepted
CSP: Receive request from SP 6 (17 bytes to SP 3)
CSP: Request from SP 6 is accepted
CSP: Received a notification that SP 13 will wait for 5 packets
CSP: Receive request from SP 9 (17 bytes to SP 6)
CSP: Request from SP 9 is rejected
CSP: Receive request from SP 5 (17 bytes to SP 2)
CSP: Request from SP 5 is rejected
CSP: Receiving data frame from SP 17
CSP: Forwarded data frame (from SP 17) to SP 14
CSP: Receiving data frame from SP 6
CSP: Forwarded data frame (from SP 6) to SP 3
CSP: Receive request from SP 9 (17 bytes to SP 6)
CSP: Request from SP 9 is accepted
CSP: Receive request from SP 5 (17 bytes to SP 2)
CSP: Request from SP 5 is accepted
CSP: Receive request from SP 17 (17 bytes to SP 15)
CSP: Request from SP 17 is rejected
CSP: Receive request from SP 6 (17 bytes to SP 10)
CSP: Request from SP 6 is rejected
CSP: Receiving data frame from SP 9
CSP: Forwarded data frame (from SP 9) to SP 6
CSP: Receiving data frame from SP 5
CSP: Forwarded data frame (from SP 5) to SP 2
CSP: Receive request from SP 9 (17 bytes to SP 13)
CSP: Request from SP 9 is accepted
CSP: Receive request from SP 5 (17 bytes to SP 9)
CSP: Request from SP 5 is accepted
CSP: Receive request from SP 17 (17 bytes to SP 15)
CSP: Request from SP 17 is rejected
CSP: Receive request from SP 6 (17 bytes to SP 10)
CSP: Request from SP 6 is rejected
CSP: Receiving data frame from SP 9
CSP: Forwarded data frame (from SP 9) to SP 13
CSP: Receiving data frame from SP 5
CSP: Forwarded data frame (from SP 5) to SP 9
CSP: Receive request from SP 9 (17 bytes to SP 0)
CSP: Request from SP 9 is accepted
CSP: Receive request from SP 5 (17 bytes to SP 8)
CSP: Request from SP 5 is accepted
CSP: Receive request from SP 17 (17 bytes to SP 15)
CSP: Request from SP 17 is rejected
CSP: Receive request from SP 6 (17 bytes to SP 10)
CSP: Request from SP 6 is rejected
CSP: Receiving data frame from SP 9
CSP: Forwarded data frame (from SP 9) to SP 0
CSP: Receiving data frame from SP 5
CSP: Forwarded data frame (from SP 5) to SP 8
CSP: Receive request from SP 5 (17 bytes to SP 0)
CSP: Request from SP 5 is accepted
CSP: Receive request from SP 9 (17 bytes to SP 17)
CSP: Request from SP 9 is accepted
CSP: Receiving data frame from SP 9
CSP: Forwarded data frame (from SP 9) to SP 17
CSP: Receiving data frame from SP 5
CSP: Forwarded data frame (from SP 5) to SP 0
CSP: Receive request from SP 5 (17 bytes to SP 17)
CSP: Request from SP 5 is accepted
CSP: Receive request from SP 9 (17 bytes to SP 0)
CSP: Request from SP 9 is accepted
CSP: Receiving data frame from SP 9
CSP: Forwarded data frame (from SP 9) to SP 0
CSP: Receiving data frame from SP 5
CSP: Forwarded data frame (from SP 5) to SP 17
CSP: Receive request from SP 9 (17 bytes to SP 17)
CSP: Request from SP 9 is accepted
CSP: Receive request from SP 5 (17 bytes to SP 11)
CSP: Request from SP 5 is accepted
CSP: Receiving data frame from SP 9
CSP: Forwarded data frame (from SP 9) to SP 17
CSP: Receiving data frame from SP 5
CSP: Forwarded data frame (from SP 5) to SP 11
CSP: Receive request from SP 5 (17 bytes to SP 0)
CSP: Request from SP 5 is accepted
CSP: Receive request from SP 9 (17 bytes to SP 0)
CSP: Request from SP 9 is accepted
CSP: Receiving data frame from SP 9
CSP: Forwarded data frame (from SP 9) to SP 0
CSP: Receiving data frame from SP 5
CSP: Forwarded data frame (from SP 5) to SP 0
CSP: Receive request from SP 5 (17 bytes to SP 17)
CSP: Request from SP 5 is accepted
CSP: Receive request from SP 9 (17 bytes to SP 17)
CSP: Request from SP 9 is accepted
CSP: Receiving data frame from SP 9
CSP: Forwarded data frame (from SP 9) to SP 17
CSP: Receiving data frame from SP 5
CSP: Forwarded data frame (from SP 5) to SP 17
CSP: Receive request from SP 9 (17 bytes to SP 0)
CSP: Request from SP 9 is accepted
CSP: Receive request from SP 5 (17 bytes to SP 14)
CSP: Request from SP 5 is accepted
CSP: Receiving data frame from SP 9
CSP: Forwarded data frame (from SP 9) to SP 0
CSP: Receiving data frame from SP 5
CSP: Forwarded data frame (from SP 5) to SP 14
CSP: Receive request from SP 5 (18 bytes to SP 0)
CSP: Request from SP 5 is accepted
CSP: Receive request from SP 9 (18 bytes to SP 17)
CSP: Request from SP 9 is accepted
CSP: Receiving data frame from SP 9
CSP: Forwarded data frame (from SP 9) to SP 17
CSP: Receiving data frame from SP 5
CSP: Forwarded data frame (from SP 5) to SP 0
CSP: Receive request from SP 9 (18 bytes to SP 4)
CSP: Request from SP 9 is accepted
CSP: Receive request from SP 5 (18 bytes to SP 17)
CSP: Request from SP 5 is accepted
CSP: Receive request from SP 17 (17 bytes to SP 15)
CSP: Request from SP 17 is rejected
CSP: Receive request from SP 6 (17 bytes to SP 10)
CSP: Request from SP 6 is rejected
CSP: Receiving data frame from SP 9
CSP: Forwarded data frame (from SP 9) to SP 4
CSP: Receiving data frame from SP 5
CSP: Forwarded data frame (from SP 5) to SP 17
CSP: Receive request from SP 9 (18 bytes to SP 14)
CSP: Request from SP 9 is accepted
CSP: Receive request from SP 5 (18 bytes to SP 10)
CSP: Request from SP 5 is accepted
CSP: Receive request from SP 6 (22 bytes to SP 13)
CSP: Request from SP 6 is rejected
CSP: Receiving data frame from SP 9
CSP: Forwarded data frame (from SP 9) to SP 14
CSP: Receiving data frame from SP 5
CSP: Forwarded data frame (from SP 5) to SP 10
CSP: Receive request from SP 5 (18 bytes to SP 6)
CSP: Request from SP 5 is accepted
CSP: Receive request from SP 9 (18 bytes to SP 10)
CSP: Request from SP 9 is accepted
CSP: Receive request from SP 6 (22 bytes to SP 13)
CSP: Request from SP 6 is rejected
CSP: Receiving data frame from SP 9
CSP: Forwarded data frame (from SP 9) to SP 10
CSP: Receiving data frame from SP 5
CSP: Forwarded data frame (from SP 5) to SP 6
CSP: Received a ready to quit notification from SP 9
CSP: Received a ready to quit notification from SP 5
CSP: Receive request from SP 17 (17 bytes to SP 0)
CSP: Request from SP 17 is accepted
CSP: Receive request from SP 6 (22 bytes to SP 13)
CSP: Request from SP 6 is accepted
CSP: Receiving data frame from SP 17
CSP: Forwarded data frame (from SP 17) to SP 0
CSP: Receiving data frame from SP 6
CSP: Forwarded data frame (from SP 6) to SP 13
CSP: Receive request from SP 17 (17 bytes to SP 13)
CSP: Request from SP 17 is accepted
CSP: Receive request from SP 6 (17 bytes to SP 0)
CSP: Request from SP 6 is accepted
CSP: Receiving data frame from SP 17
CSP: Forwarded data frame (from SP 17) to SP 13
CSP: Receiving data frame from SP 6
CSP: Forwarded data frame (from SP 6) to SP 0
CSP: Receive request from SP 6 (17 bytes to SP 17)
CSP: Request from SP 6 is accepted
CSP: Receive request from SP 17 (17 bytes to SP 0)
CSP: Request from SP 17 is accepted
CSP: Receiving data frame from SP 17
CSP: Forwarded data frame (from SP 17) to SP 0
CSP: Receiving data frame from SP 6
CSP: Forwarded data frame (from SP 6) to SP 17
CSP: Receive request from SP 17 (17 bytes to SP 11)
CSP: Request from SP 17 is accepted
CSP: Receive request from SP 6 (17 bytes to SP 0)
CSP: Request from SP 6 is accepted
CSP: Receiving data frame from SP 17
CSP: Forwarded data frame (from SP 17) to SP 11
CSP: Receiving data frame from SP 6
CSP: Forwarded data frame (from SP 6) to SP 0
CSP: Receive request from SP 17 (17 bytes to SP 0)
CSP: Request from SP 17 is accepted
CSP: Receive request from SP 6 (17 bytes to SP 17)
CSP: Request from SP 6 is accepted
CSP: Receiving data frame from SP 17
CSP: Forwarded data frame (from SP 17) to SP 0
CSP: Receiving data frame from SP 6
CSP: Forwarded data frame (from SP 6) to SP 17
CSP: Receive request from SP 17 (17 bytes to SP 9)
CSP: Request from SP 17 is accepted
CSP: Receive request from SP 6 (17 bytes to SP 0)
CSP: Request from SP 6 is accepted
CSP: Receiving data frame from SP 6
CSP: Forwarded data frame (from SP 6) to SP 0
CSP: Receive request from SP 6 (17 bytes to SP 17)
CSP: Request from SP 6 is accepted
CSP: Receiving data frame from SP 17
CSP: Forwarded data frame (from SP 17) to SP 9
CSP: Receiving data frame from SP 6
CSP: Forwarded data frame (from SP 6) to SP 17
CSP: Receive request from SP 17 (17 bytes to SP 0)
CSP: Request from SP 17 is accepted
CSP: Receive request from SP 6 (18 bytes to SP 0)
CSP: Request from SP 6 is accepted
CSP: Receiving data frame from SP 17
CSP: Forwarded data frame (from SP 17) to SP 0
CSP: Receiving data frame from SP 6
CSP: Forwarded data frame (from SP 6) to SP 0
CSP: Receive request from SP 6 (18 bytes to SP 17)
CSP: Request from SP 6 is accepted
CSP: Receive request from SP 17 (18 bytes to SP 7)
CSP: Request from SP 17 is rejected
CSP: Receiving data frame from SP 6
CSP: Forwarded data frame (from SP 6) to SP 17
CSP: Receive request from SP 6 (18 bytes to SP 1)
CSP: Request from SP 6 is accepted
CSP: Receive request from SP 17 (18 bytes to SP 7)
CSP: Request from SP 17 is rejected
CSP: Receiving data frame from SP 6
CSP: Forwarded data frame (from SP 6) to SP 1
CSP: Receive request from SP 6 (18 bytes to SP 11)
CSP: Request from SP 6 is accepted
CSP: Receive request from SP 17 (18 bytes to SP 7)
CSP: Request from SP 17 is rejected
CSP: Receiving data frame from SP 6
CSP: Forwarded data frame (from SP 6) to SP 11
CSP: Receive request from SP 6 (18 bytes to SP 7)
CSP: Request from SP 6 is rejected
CSP: Receive request from SP 6 (18 bytes to SP 7)
CSP: Request from SP 6 is rejected
CSP: Receive request from SP 6 (18 bytes to SP 7)
CSP: Request from SP 6 is accepted
CSP: Moved SP 10 request from request queue to data queue, sent acknowledgement
CSP: Receiving data frame from SP 10
CSP: Forwarded data frame (from SP 10) to SP 7
CSP: Moved SP 2 request from request queue to data queue, sent acknowledgement
CSP: Receive request from SP 17 (18 bytes to SP 7)
CSP: Request from SP 17 is queued in the request queue
CSP: Receiving data frame from SP 6
CSP: Forwarded data frame (from SP 6) to SP 7
CSP: Moved SP 14 request from request queue to data queue, sent acknowledgement
CSP: Received a notification that SP 7 will wait for 8 packets
CSP: Receive request from SP 10 (17 bytes to SP 14)
CSP: Request from SP 10 is queued in the request queue
CSP: Received a ready to quit notification from SP 6
CSP: Receiving data frame from SP 2
CSP: Forwarded data frame (from SP 2) to SP 6
CSP: Moved SP 8 request from request queue to data queue, sent acknowledgement
CSP: Receiving data frame from SP 14
CSP: Forwarded data frame (from SP 14) to SP 12
CSP: Moved SP 11 request from request queue to data queue, sent acknowledgement
CSP: Receive request from SP 2 (17 bytes to SP 4)
CSP: Request from SP 2 is queued in the request queue
CSP: Receive request from SP 14 (17 bytes to SP 0)
CSP: Request from SP 14 is queued in the request queue
CSP: Receiving data frame from SP 11
CSP: Forwarded data frame (from SP 11) to SP 15
CSP: Moved SP 12 request from request queue to data queue, sent acknowledgement
CSP: Receiving data frame from SP 8
CSP: Forwarded data frame (from SP 8) to SP 5
CSP: Moved SP 3 request from request queue to data queue, sent acknowledgement
CSP: Receive request from SP 11 (17 bytes to SP 8)
CSP: Request from SP 11 is queued in the request queue
CSP: Receive request from SP 8 (17 bytes to SP 12)
CSP: Request from SP 8 is queued in the request queue
CSP: Receiving data frame from SP 12
CSP: Forwarded data frame (from SP 12) to SP 9
CSP: Moved SP 15 request from request queue to data queue, sent acknowledgement
CSP: Receiving data frame from SP 3
CSP: Forwarded data frame (from SP 3) to SP 7
CSP: Moved SP 16 request from request queue to data queue, sent acknowledgement
CSP: Receive request from SP 12 (17 bytes to SP 7)
CSP: Request from SP 12 is queued in the request queue
CSP: Receive request from SP 3 (22 bytes to SP 10)
CSP: Request from SP 3 is queued in the request queue
CSP: Receiving data frame from SP 15
CSP: Forwarded data frame (from SP 15) to SP 12
CSP: Moved SP 0 request from request queue to data queue, sent acknowledgement
CSP: Receiving data frame from SP 16
CSP: Forwarded data frame (from SP 16) to SP 13
CSP: Moved SP 17 request from request queue to data queue, sent acknowledgement
CSP: Receive request from SP 15 (17 bytes to SP 13)
CSP: Request from SP 15 is queued in the request queue
CSP: Receive request from SP 16 (17 bytes to SP 11)
CSP: Request from SP 16 is queued in the request queue
CSP: Receiving data frame from SP 0
CSP: Forwarded data frame (from SP 0) to SP 7
CSP: Moved SP 10 request from request queue to data queue, sent acknowledgement
CSP: Receiving data frame from SP 17
CSP: Forwarded data frame (from SP 17) to SP 7
CSP: Moved SP 2 request from request queue to data queue, sent acknowledgement
CSP: Receive request from SP 17 (18 bytes to SP 0)
CSP: Request from SP 17 is queued in the request queue
CSP: Received a notification that SP 0 will wait for 1 packets
CSP: Receiving data frame from SP 10
CSP: Forwarded data frame (from SP 10) to SP 14
CSP: Moved SP 14 request from request queue to data queue, sent acknowledgement
CSP: Receiving data frame from SP 2
CSP: Forwarded data frame (from SP 2) to SP 4
CSP: Moved SP 11 request from request queue to data queue, sent acknowledgement
CSP: Receive request from SP 10 (17 bytes to SP 0)
CSP: Request from SP 10 is queued in the request queue
CSP: Receive request from SP 2 (17 bytes to SP 0)
CSP: Request from SP 2 is queued in the request queue
CSP: Receiving data frame from SP 11
CSP: Forwarded data frame (from SP 11) to SP 8
CSP: Moved SP 8 request from request queue to data queue, sent acknowledgement
CSP: Receive request from SP 11 (17 bytes to SP 0)
CSP: Request from SP 11 is queued in the request queue
CSP: Receiving data frame from SP 14
CSP: Forwarded data frame (from SP 14) to SP 0
CSP: Moved SP 12 request from request queue to data queue, sent acknowledgement
CSP: Receive request from SP 14 (17 bytes to SP 17)
CSP: Request from SP 14 is queued in the request queue
CSP: Receive request from SP 0 (17 bytes to SP 3)
CSP: Request from SP 0 is queued in the request queue
CSP: Receiving data frame from SP 8
CSP: Forwarded data frame (from SP 8) to SP 12
CSP: Moved SP 3 request from request queue to data queue, sent acknowledgement
CSP: Receiving data frame from SP 12
CSP: Forwarded data frame (from SP 12) to SP 7
CSP: Moved SP 15 request from request queue to data queue, sent acknowledgement
CSP: Received a notification that SP 12 will wait for 6 packets
CSP: Receive request from SP 8 (17 bytes to SP 3)
CSP: Request from SP 8 is queued in the request queue
CSP: Receiving data frame from SP 3
CSP: Forwarded data frame (from SP 3) to SP 10
CSP: Moved SP 16 request from request queue to data queue, sent acknowledgement
CSP: Receiving data frame from SP 15
CSP: Forwarded data frame (from SP 15) to SP 13
CSP: Moved SP 17 request from request queue to data queue, sent acknowledgement
CSP: Receive request from SP 3 (17 bytes to SP 6)
CSP: Request from SP 3 is queued in the request queue
CSP: Receive request from SP 15 (17 bytes to SP 0)
CSP: Request from SP 15 is queued in the request queue
CSP: Receiving data frame from SP 17
CSP: Forwarded data frame (from SP 17) to SP 0
CSP: Moved SP 10 request from request queue to data queue, sent acknowledgement
CSP: Receiving data frame from SP 16
CSP: Forwarded data frame (from SP 16) to SP 11
CSP: Moved SP 2 request from request queue to data queue, sent acknowledgement
CSP: Receive request from SP 13 (17 bytes to SP 10)
CSP: Request from SP 13 is queued in the request queue
CSP: Receive request from SP 17 (18 bytes to SP 12)
CSP: Request from SP 17 is queued in the request queue
CSP: Received a notification that SP 16 will wait for 3 packets
CSP: Receiving data frame from SP 10
CSP: Forwarded data frame (from SP 10) to SP 0
CSP: Moved SP 11 request from request queue to data queue, sent acknowledgement
CSP: Receiving data frame from SP 2
CSP: Forwarded data frame (from SP 2) to SP 0
CSP: Moved SP 14 request from request queue to data queue, sent acknowledgement
CSP: Receive request from SP 10 (17 bytes to SP 17)
CSP: Request from SP 10 is queued in the request queue
CSP: Receive request from SP 2 (17 bytes to SP 17)
CSP: Request from SP 2 is queued in the request queue
CSP: Receiving data frame from SP 11
CSP: Forwarded data frame (from SP 11) to SP 0
CSP: Moved SP 0 request from request queue to data queue, sent acknowledgement
CSP: Receiving data frame from SP 14
CSP: Forwarded data frame (from SP 14) to SP 17
CSP: Moved SP 8 request from request queue to data queue, sent acknowledgement
CSP: Receive request from SP 11 (17 bytes to SP 17)
CSP: Request from SP 11 is queued in the request queue
CSP: Receive request from SP 14 (17 bytes to SP 9)
CSP: Request from SP 14 is queued in the request queue
CSP: Receiving data frame from SP 8
CSP: Forwarded data frame (from SP 8) to SP 3
CSP: Moved SP 3 request from request queue to data queue, sent acknowledgement
CSP: Received a notification that SP 8 will wait for 2 packets
CSP: Receiving data frame from SP 0
CSP: Forwarded data frame (from SP 0) to SP 3
CSP: Moved SP 15 request from request queue to data queue, sent acknowledgement
CSP: Receive request from SP 0 (17 bytes to SP 17)
CSP: Request from SP 0 is queued in the request queue
CSP: Receiving data frame from SP 3
CSP: Forwarded data frame (from SP 3) to SP 6
CSP: Moved SP 13 request from request queue to data queue, sent acknowledgement
CSP: Receiving data frame from SP 15
CSP: Forwarded data frame (from SP 15) to SP 0
CSP: Moved SP 17 request from request queue to data queue, sent acknowledgement
CSP: Receive request from SP 3 (17 bytes to SP 0)
CSP: Request from SP 3 is queued in the request queue
CSP: Receive request from SP 15 (17 bytes to SP 17)
CSP: Request from SP 15 is queued in the request queue
CSP: Receiving data frame from SP 17
CSP: Forwarded data frame (from SP 17) to SP 12
CSP: Moved SP 10 request from request queue to data queue, sent acknowledgement
CSP: Receiving data frame from SP 13
CSP: Forwarded data frame (from SP 13) to SP 10
CSP: Moved SP 2 request from request queue to data queue, sent acknowledgement
CSP: Receive request from SP 17 (18 bytes to SP 7)
CSP: Request from SP 17 is queued in the request queue
CSP: Receive request from SP 13 (17 bytes to SP 11)
CSP: Request from SP 13 is queued in the request queue
CSP: Receiving data frame from SP 10
CSP: Forwarded data frame (from SP 10) to SP 17
CSP: Moved SP 11 request from request queue to data queue, sent acknowledgement
CSP: Receiving data frame from SP 2
CSP: Forwarded data frame (from SP 2) to SP 17
CSP: Moved SP 14 request from request queue to data queue, sent acknowledgement
CSP: Receive request from SP 10 (17 bytes to SP 0)
CSP: Request from SP 10 is queued in the request queue
CSP: Receive request from SP 2 (17 bytes to SP 7)
CSP: Request from SP 2 is queued in the request queue
CSP: Receiving data frame from SP 11
CSP: Forwarded data frame (from SP 11) to SP 17
CSP: Moved SP 0 request from request queue to data queue, sent acknowledgement
CSP: Receiving data frame from SP 14
CSP: Forwarded data frame (from SP 14) to SP 9
CSP: Moved SP 3 request from request queue to data queue, sent acknowledgement
CSP: Receive request from SP 11 (17 bytes to SP 5)
CSP: Request from SP 11 is queued in the request queue
CSP: Receive request from SP 14 (17 bytes to SP 0)
CSP: Request from SP 14 is queued in the request queue
CSP: Receiving data frame from SP 0
CSP: Forwarded data frame (from SP 0) to SP 17
CSP: Moved SP 15 request from request queue to data queue, sent acknowledgement
CSP: Receiving data frame from SP 3
CSP: Forwarded data frame (from SP 3) to SP 0
CSP: Moved SP 17 request from request queue to data queue, sent acknowledgement
CSP: Receive request from SP 0 (17 bytes to SP 5)
CSP: Request from SP 0 is queued in the request queue
CSP: Receive request from SP 3 (17 bytes to SP 17)
CSP: Request from SP 3 is queued in the request queue
CSP: Receiving data frame from SP 15
CSP: Forwarded data frame (from SP 15) to SP 17
CSP: Moved SP 13 request from request queue to data queue, sent acknowledgement
CSP: Receive request from SP 15 (17 bytes to SP 10)
CSP: Request from SP 15 is queued in the request queue
CSP: Receiving data frame from SP 17
CSP: Forwarded data frame (from SP 17) to SP 7
CSP: Moved SP 10 request from request queue to data queue, sent acknowledgement
CSP: Receiving data frame from SP 13
CSP: Forwarded data frame (from SP 13) to SP 11
CSP: Moved SP 2 request from request queue to data queue, sent acknowledgement
CSP: Receive request from SP 17 (18 bytes to SP 2)
CSP: Request from SP 17 is queued in the request queue
CSP: Receive request from SP 13 (17 bytes to SP 0)
CSP: Request from SP 13 is queued in the request queue
CSP: Receiving data frame from SP 10
CSP: Forwarded data frame (from SP 10) to SP 0
CSP: Moved SP 11 request from request queue to data queue, sent acknowledgement
CSP: Receiving data frame from SP 2
CSP: Forwarded data frame (from SP 2) to SP 7
CSP: Moved SP 14 request from request queue to data queue, sent acknowledgement
CSP: Receive request from SP 10 (17 bytes to SP 17)
CSP: Request from SP 10 is queued in the request queue
CSP: Receive request from SP 2 (17 bytes to SP 0)
CSP: Request from SP 2 is queued in the request queue
CSP: Receiving data frame from SP 11
CSP: Forwarded data frame (from SP 11) to SP 5
CSP: Moved SP 0 request from request queue to data queue, sent acknowledgement
CSP: Receiving data frame from SP 14
CSP: Forwarded data frame (from SP 14) to SP 0
CSP: Moved SP 3 request from request queue to data queue, sent acknowledgement
CSP: Receive request from SP 7 (17 bytes to SP 4)
CSP: Request from SP 7 is queued in the request queue
CSP: Receive request from SP 11 (17 bytes to SP 0)
CSP: Request from SP 11 is queued in the request queue
CSP: Receive request from SP 14 (17 bytes to SP 17)
CSP: Request from SP 14 is queued in the request queue
CSP: Receiving data frame from SP 0
CSP: Forwarded data frame (from SP 0) to SP 5
CSP: Moved SP 15 request from request queue to data queue, sent acknowledgement
CSP: Receiving data frame from SP 3
CSP: Forwarded data frame (from SP 3) to SP 17
CSP: Moved SP 17 request from request queue to data queue, sent acknowledgement
CSP: Receive request from SP 0 (17 bytes to SP 17)
CSP: Request from SP 0 is queued in the request queue
CSP: Receive request from SP 3 (17 bytes to SP 9)
CSP: Request from SP 3 is queued in the request queue
CSP: Receiving data frame from SP 15
CSP: Forwarded data frame (from SP 15) to SP 10
CSP: Moved SP 13 request from request queue to data queue, sent acknowledgement
CSP: Receiving data frame from SP 17
CSP: Forwarded data frame (from SP 17) to SP 2
CSP: Moved SP 10 request from request queue to data queue, sent acknowledgement
CSP: Receive request from SP 15 (17 bytes to SP 0)
CSP: Request from SP 15 is queued in the request queue
CSP: Received a ready to quit notification from SP 17
CSP: Receiving data frame from SP 13
CSP: Forwarded data frame (from SP 13) to SP 0
CSP: Moved SP 2 request from request queue to data queue, sent acknowledgement
CSP: Receive request from SP 13 (17 bytes to SP 17)
CSP: Request from SP 13 is queued in the request queue
CSP: Receiving data frame from SP 10
CSP: Forwarded data frame (from SP 10) to SP 17
CSP: Moved SP 7 request from request queue to data queue, sent acknowledgement
CSP: Receiving data frame from SP 2
CSP: Forwarded data frame (from SP 2) to SP 0
CSP: Moved SP 11 request from request queue to data queue, sent acknowledgement
CSP: Receive request from SP 10 (17 bytes to SP 0)
CSP: Request from SP 10 is queued in the request queue
CSP: Receive request from SP 2 (17 bytes to SP 17)
CSP: Request from SP 2 is queued in the request queue
CSP: Receiving data frame from SP 11
CSP: Forwarded data frame (from SP 11) to SP 0
CSP: Moved SP 14 request from request queue to data queue, sent acknowledgement
CSP: Receiving data frame from SP 7
CSP: Forwarded data frame (from SP 7) to SP 4
CSP: Moved SP 0 request from request queue to data queue, sent acknowledgement
CSP: Receive request from SP 11 (17 bytes to SP 17)
CSP: Request from SP 11 is queued in the request queue
CSP: Receive request from SP 7 (17 bytes to SP 11)
CSP: Request from SP 7 is queued in the request queue
CSP: Receiving data frame from SP 14
CSP: Forwarded data frame (from SP 14) to SP 17
CSP: Moved SP 3 request from request queue to data queue, sent acknowledgement
CSP: Receive request from SP 14 (17 bytes to SP 6)
CSP: Request from SP 14 is queued in the request queue
CSP: Receiving data frame from SP 0
CSP: Forwarded data frame (from SP 0) to SP 17
CSP: Moved SP 15 request from request queue to data queue, sent acknowledgement
CSP: Receiving data frame from SP 3
CSP: Forwarded data frame (from SP 3) to SP 9
CSP: Moved SP 13 request from request queue to data queue, sent acknowledgement
CSP: Receive request from SP 0 (17 bytes to SP 7)
CSP: Request from SP 0 is queued in the request queue
CSP: Receive request from SP 3 (17 bytes to SP 0)
CSP: Request from SP 3 is queued in the request queue
CSP: Receiving data frame from SP 15
CSP: Forwarded data frame (from SP 15) to SP 0
CSP: Moved SP 10 request from request queue to data queue, sent acknowledgement
CSP: Receiving data frame from SP 13
CSP: Forwarded data frame (from SP 13) to SP 17
CSP: Moved SP 2 request from request queue to data queue, sent acknowledgement
CSP: Receive request from SP 15 (17 bytes to SP 17)
CSP: Request from SP 15 is queued in the request queue
CSP: Receive request from SP 13 (17 bytes to SP 8)
CSP: Request from SP 13 is queued in the request queue
CSP: Receiving data frame from SP 10
CSP: Forwarded data frame (from SP 10) to SP 0
CSP: Moved SP 11 request from request queue to data queue, sent acknowledgement
CSP: Receiving data frame from SP 2
CSP: Forwarded data frame (from SP 2) to SP 17
CSP: Moved SP 7 request from request queue to data queue, sent acknowledgement
CSP: Receive request from SP 10 (17 bytes to SP 17)
CSP: Request from SP 10 is queued in the request queue
CSP: Receive request from SP 2 (17 bytes to SP 10)
CSP: Request from SP 2 is queued in the request queue
CSP: Receiving data frame from SP 11
CSP: Forwarded data frame (from SP 11) to SP 17
CSP: Moved SP 14 request from request queue to data queue, sent acknowledgement
CSP: Receiving data frame from SP 7
CSP: Forwarded data frame (from SP 7) to SP 11
CSP: Moved SP 0 request from request queue to data queue, sent acknowledgement
CSP: Receive request from SP 11 (17 bytes to SP 2)
CSP: Request from SP 11 is queued in the request queue
CSP: Receive request from SP 7 (17 bytes to SP 0)
CSP: Request from SP 7 is queued in the request queue
CSP: Receiving data frame from SP 0
CSP: Forwarded data frame (from SP 0) to SP 7
CSP: Moved SP 3 request from request queue to data queue, sent acknowledgement
CSP: Receiving data frame from SP 14
CSP: Forwarded data frame (from SP 14) to SP 6
CSP: Moved SP 15 request from request queue to data queue, sent acknowledgement
CSP: Receive request from SP 0 (17 bytes to SP 17)
CSP: Request from SP 0 is queued in the request queue
CSP: Receive request from SP 14 (17 bytes to SP 0)
CSP: Request from SP 14 is queued in the request queue
CSP: Receiving data frame from SP 15
CSP: Forwarded data frame (from SP 15) to SP 17
CSP: Moved SP 13 request from request queue to data queue, sent acknowledgement
CSP: Receiving data frame from SP 3
CSP: Forwarded data frame (from SP 3) to SP 0
CSP: Moved SP 10 request from request queue to data queue, sent acknowledgement
CSP: Receive request from SP 3 (17 bytes to SP 17)
CSP: Request from SP 3 is queued in the request queue
CSP: Receive request from SP 15 (17 bytes to SP 7)
CSP: Request from SP 15 is queued in the request queue
CSP: Receiving data frame from SP 10
CSP: Forwarded data frame (from SP 10) to SP 17
CSP: Moved SP 2 request from request queue to data queue, sent acknowledgement
CSP: Receiving data frame from SP 13
CSP: Forwarded data frame (from SP 13) to SP 8
CSP: Moved SP 11 request from request queue to data queue, sent acknowledgement
CSP: Receive request from SP 10 (17 bytes to SP 0)
CSP: Request from SP 10 is queued in the request queue
CSP: Receive request from SP 13 (17 bytes to SP 0)
CSP: Request from SP 13 is queued in the request queue
CSP: Receiving data frame from SP 11
CSP: Forwarded data frame (from SP 11) to SP 2
CSP: Moved SP 7 request from request queue to data queue, sent acknowledgement
CSP: Receiving data frame from SP 2
CSP: Forwarded data frame (from SP 2) to SP 10
CSP: Moved SP 0 request from request queue to data queue, sent acknowledgement
CSP: Receive request from SP 11 (18 bytes to SP 0)
CSP: Request from SP 11 is queued in the request queue
CSP: Receive request from SP 2 (17 bytes to SP 0)
CSP: Request from SP 2 is queued in the request queue
CSP: Receiving data frame from SP 0
CSP: Forwarded data frame (from SP 0) to SP 17
CSP: Moved SP 14 request from request queue to data queue, sent acknowledgement
CSP: Receiving data frame from SP 7
CSP: Forwarded data frame (from SP 7) to SP 0
CSP: Moved SP 3 request from request queue to data queue, sent acknowledgement
CSP: Receive request from SP 0 (17 bytes to SP 9)
CSP: Request from SP 0 is queued in the request queue
CSP: Receive request from SP 7 (17 bytes to SP 17)
CSP: Request from SP 7 is queued in the request queue
CSP: Receiving data frame from SP 14
CSP: Forwarded data frame (from SP 14) to SP 0
CSP: Moved SP 15 request from request queue to data queue, sent acknowledgement
CSP: Receiving data frame from SP 3
CSP: Forwarded data frame (from SP 3) to SP 17
CSP: Moved SP 10 request from request queue to data queue, sent acknowledgement
CSP: Receive request from SP 3 (17 bytes to SP 12)
CSP: Request from SP 3 is queued in the request queue
CSP: Receive request from SP 14 (18 bytes to SP 17)
CSP: Request from SP 14 is queued in the request queue
CSP: Receiving data frame from SP 10
CSP: Forwarded data frame (from SP 10) to SP 0
CSP: Moved SP 13 request from request queue to data queue, sent acknowledgement
CSP: Receiving data frame from SP 15
CSP: Forwarded data frame (from SP 15) to SP 7
CSP: Moved SP 11 request from request queue to data queue, sent acknowledgement
CSP: Receive request from SP 10 (18 bytes to SP 17)
CSP: Request from SP 10 is queued in the request queue
CSP: Receive request from SP 15 (17 bytes to SP 0)
CSP: Request from SP 15 is queued in the request queue
CSP: Receiving data frame from SP 11
CSP: Forwarded data frame (from SP 11) to SP 0
CSP: Moved SP 2 request from request queue to data queue, sent acknowledgement
CSP: Receiving data frame from SP 13
CSP: Forwarded data frame (from SP 13) to SP 0
CSP: Moved SP 0 request from request queue to data queue, sent acknowledgement
CSP: Receive request from SP 11 (18 bytes to SP 17)
CSP: Request from SP 11 is queued in the request queue
CSP: Receive request from SP 13 (17 bytes to SP 17)
CSP: Request from SP 13 is queued in the request queue
CSP: Receiving data frame from SP 0
CSP: Forwarded data frame (from SP 0) to SP 9
CSP: Moved SP 7 request from request queue to data queue, sent acknowledgement
CSP: Receiving data frame from SP 2
CSP: Forwarded data frame (from SP 2) to SP 0
CSP: Moved SP 3 request from request queue to data queue, sent acknowledgement
CSP: Receive request from SP 0 (18 bytes to SP 17)
CSP: Request from SP 0 is queued in the request queue
CSP: Receive request from SP 2 (18 bytes to SP 17)
CSP: Request from SP 2 is queued in the request queue
CSP: Receiving data frame from SP 3
CSP: Forwarded data frame (from SP 3) to SP 12
CSP: Moved SP 14 request from request queue to data queue, sent acknowledgement
CSP: Receiving data frame from SP 7
CSP: Forwarded data frame (from SP 7) to SP 17
CSP: Moved SP 10 request from request queue to data queue, sent acknowledgement
CSP: Receive request from SP 3 (18 bytes to SP 0)
CSP: Request from SP 3 is queued in the request queue
CSP: Receive request from SP 7 (17 bytes to SP 0)
CSP: Request from SP 7 is queued in the request queue
CSP: Receiving data frame from SP 10
CSP: Forwarded data frame (from SP 10) to SP 17
CSP: Moved SP 15 request from request queue to data queue, sent acknowledgement
CSP: Receiving data frame from SP 14
CSP: Forwarded data frame (from SP 14) to SP 17
CSP: Moved SP 11 request from request queue to data queue, sent acknowledgement
CSP: Receive request from SP 10 (18 bytes to SP 5)
CSP: Request from SP 10 is queued in the request queue
CSP: Receive request from SP 14 (18 bytes to SP 9)
CSP: Request from SP 14 is queued in the request queue
CSP: Receiving data frame from SP 11
CSP: Forwarded data frame (from SP 11) to SP 17
CSP: Moved SP 13 request from request queue to data queue, sent acknowledgement
CSP: Receiving data frame from SP 15
CSP: Forwarded data frame (from SP 15) to SP 0
CSP: Moved SP 0 request from request queue to data queue, sent acknowledgement
CSP: Receive request from SP 11 (18 bytes to SP 6)
CSP: Request from SP 11 is queued in the request queue
CSP: Receive request from SP 15 (18 bytes to SP 17)
CSP: Request from SP 15 is queued in the request queue
CSP: Receiving data frame from SP 0
CSP: Forwarded data frame (from SP 0) to SP 17
CSP: Moved SP 2 request from request queue to data queue, sent acknowledgement
CSP: Receiving data frame from SP 13
CSP: Forwarded data frame (from SP 13) to SP 17
CSP: Moved SP 3 request from request queue to data queue, sent acknowledgement
CSP: Receive request from SP 0 (18 bytes to SP 10)
CSP: Request from SP 0 is queued in the request queue
CSP: Receive request from SP 13 (17 bytes to SP 5)
CSP: Request from SP 13 is queued in the request queue
CSP: Receiving data frame from SP 2
CSP: Forwarded data frame (from SP 2) to SP 17
CSP: Moved SP 7 request from request queue to data queue, sent acknowledgement
CSP: Receiving data frame from SP 3
CSP: Forwarded data frame (from SP 3) to SP 0
CSP: Moved SP 10 request from request queue to data queue, sent acknowledgement
CSP: Receive request from SP 2 (18 bytes to SP 12)
CSP: Request from SP 2 is queued in the request queue
CSP: Receive request from SP 3 (18 bytes to SP 17)
CSP: Request from SP 3 is queued in the request queue
CSP: Receiving data frame from SP 10
CSP: Forwarded data frame (from SP 10) to SP 5
CSP: Moved SP 14 request from request queue to data queue, sent acknowledgement
CSP: Receiving data frame from SP 7
CSP: Forwarded data frame (from SP 7) to SP 0
CSP: Moved SP 11 request from request queue to data queue, sent acknowledgement
CSP: Receive request from SP 10 (18 bytes to SP 11)
CSP: Request from SP 10 is queued in the request queue
CSP: Receive request from SP 7 (17 bytes to SP 17)
CSP: Request from SP 7 is queued in the request queue
CSP: Receiving data frame from SP 11
CSP: Forwarded data frame (from SP 11) to SP 6
CSP: Moved SP 15 request from request queue to data queue, sent acknowledgement
CSP: Receiving data frame from SP 14
CSP: Forwarded data frame (from SP 14) to SP 9
CSP: Moved SP 0 request from request queue to data queue, sent acknowledgement
CSP: Receive request from SP 11 (18 bytes to SP 1)
CSP: Request from SP 11 is queued in the request queue
CSP: Receive request from SP 14 (18 bytes to SP 4)
CSP: Request from SP 14 is queued in the request queue
CSP: Receiving data frame from SP 0
CSP: Forwarded data frame (from SP 0) to SP 10
CSP: Moved SP 13 request from request queue to data queue, sent acknowledgement
CSP: Receiving data frame from SP 15
CSP: Forwarded data frame (from SP 15) to SP 17
CSP: Moved SP 2 request from request queue to data queue, sent acknowledgement
CSP: Receive request from SP 0 (18 bytes to SP 5)
CSP: Request from SP 0 is queued in the request queue
CSP: Receive request from SP 15 (18 bytes to SP 10)
CSP: Request from SP 15 is queued in the request queue
CSP: Receiving data frame from SP 2
CSP: Forwarded data frame (from SP 2) to SP 12
CSP: Moved SP 3 request from request queue to data queue, sent acknowledgement
CSP: Receiving data frame from SP 13
CSP: Forwarded data frame (from SP 13) to SP 5
CSP: Moved SP 10 request from request queue to data queue, sent acknowledgement
CSP: Receive request from SP 2 (18 bytes to SP 7)
CSP: Request from SP 2 is queued in the request queue
CSP: Receive request from SP 13 (17 bytes to SP 0)
CSP: Request from SP 13 is queued in the request queue
CSP: Receiving data frame from SP 10
CSP: Forwarded data frame (from SP 10) to SP 11
CSP: Moved SP 7 request from request queue to data queue, sent acknowledgement
CSP: Receiving data frame from SP 3
CSP: Forwarded data frame (from SP 3) to SP 17
CSP: Moved SP 11 request from request queue to data queue, sent acknowledgement
CSP: Received a ready to quit notification from SP 10
CSP: Receive request from SP 3 (18 bytes to SP 13)
CSP: Request from SP 3 is queued in the request queue
CSP: Receiving data frame from SP 7
CSP: Forwarded data frame (from SP 7) to SP 17
CSP: Moved SP 14 request from request queue to data queue, sent acknowledgement
CSP: Receive request from SP 7 (17 bytes to SP 0)
CSP: Request from SP 7 is queued in the request queue
CSP: Receiving data frame from SP 11
CSP: Forwarded data frame (from SP 11) to SP 1
CSP: Moved SP 0 request from request queue to data queue, sent acknowledgement
CSP: Receiving data frame from SP 14
CSP: Forwarded data frame (from SP 14) to SP 4
CSP: Moved SP 15 request from request queue to data queue, sent acknowledgement
CSP: Receive request from SP 11 (18 bytes to SP 12)
CSP: Request from SP 11 is queued in the request queue
CSP: Receive request from SP 14 (18 bytes to SP 15)
CSP: Request from SP 14 is queued in the request queue
CSP: Receive request from SP 1 (17 bytes to SP 5)
CSP: Request from SP 1 is queued in the request queue
CSP: Receiving data frame from SP 0
CSP: Forwarded data frame (from SP 0) to SP 5
CSP: Moved SP 2 request from request queue to data queue, sent acknowledgement
CSP: Receive request from SP 4 (17 bytes to SP 6)
CSP: Request from SP 4 is queued in the request queue
CSP: Receiving data frame from SP 15
CSP: Forwarded data frame (from SP 15) to SP 10
CSP: Moved SP 13 request from request queue to data queue, sent acknowledgement
CSP: Receive request from SP 0 (18 bytes to SP 1)
CSP: Request from SP 0 is queued in the request queue
CSP: Receive request from SP 15 (18 bytes to SP 5)
CSP: Request from SP 15 is queued in the request queue
CSP: Receiving data frame from SP 2
CSP: Forwarded data frame (from SP 2) to SP 7
CSP: Moved SP 3 request from request queue to data queue, sent acknowledgement
CSP: Receiving data frame from SP 13
CSP: Forwarded data frame (from SP 13) to SP 0
CSP: Moved SP 7 request from request queue to data queue, sent acknowledgement
CSP: Receive request from SP 2 (18 bytes to SP 3)
CSP: Request from SP 2 is queued in the request queue
CSP: Receive request from SP 13 (18 bytes to SP 17)
CSP: Request from SP 13 is queued in the request queue
CSP: Receiving data frame from SP 3
CSP: Forwarded data frame (from SP 3) to SP 13
CSP: Moved SP 11 request from request queue to data queue, sent acknowledgement
CSP: Receive request from SP 3 (18 bytes to SP 8)
CSP: Request from SP 3 is queued in the request queue
CSP: Receiving data frame from SP 11
CSP: Forwarded data frame (from SP 11) to SP 12
CSP: Moved SP 14 request from request queue to data queue, sent acknowledgement
CSP: Receiving data frame from SP 7
CSP: Forwarded data frame (from SP 7) to SP 0
CSP: Moved SP 1 request from request queue to data queue, sent acknowledgement
CSP: Received a ready to quit notification from SP 11
CSP: Receive request from SP 7 (17 bytes to SP 17)
CSP: Request from SP 7 is queued in the request queue
CSP: Receiving data frame from SP 1
CSP: Forwarded data frame (from SP 1) to SP 5
CSP: Moved SP 4 request from request queue to data queue, sent acknowledgement
CSP: Receiving data frame from SP 14
CSP: Forwarded data frame (from SP 14) to SP 15
CSP: Moved SP 0 request from request queue to data queue, sent acknowledgement
CSP: Received a ready to quit notification from SP 14
CSP: Receive request from SP 1 (17 bytes to SP 3)
CSP: Request from SP 1 is queued in the request queue
CSP: Receiving data frame from SP 0
CSP: Forwarded data frame (from SP 0) to SP 1
CSP: Moved SP 15 request from request queue to data queue, sent acknowledgement
CSP: Receiving data frame from SP 4
CSP: Forwarded data frame (from SP 4) to SP 6
CSP: Moved SP 2 request from request queue to data queue, sent acknowledgement
CSP: Received a ready to quit notification from SP 0
CSP: Receive request from SP 4 (17 bytes to SP 0)
CSP: Request from SP 4 is queued in the request queue
CSP: Receiving data frame from SP 2
CSP: Forwarded data frame (from SP 2) to SP 3
CSP: Moved SP 13 request from request queue to data queue, sent acknowledgement
CSP: Receiving data frame from SP 15
CSP: Forwarded data frame (from SP 15) to SP 5
CSP: Moved SP 3 request from request queue to data queue, sent acknowledgement
CSP: Received a ready to quit notification from SP 15
CSP: Received a ready to quit notification from SP 2
CSP: Receiving data frame from SP 13
CSP: Forwarded data frame (from SP 13) to SP 17
CSP: Moved SP 7 request from request queue to data queue, sent acknowledgement
CSP: Receive request from SP 13 (18 bytes to SP 8)
CSP: Request from SP 13 is queued in the request queue
CSP: Receiving data frame from SP 3
CSP: Forwarded data frame (from SP 3) to SP 8
CSP: Moved SP 1 request from request queue to data queue, sent acknowledgement
CSP: Receiving data frame from SP 7
CSP: Forwarded data frame (from SP 7) to SP 17
CSP: Moved SP 4 request from request queue to data queue, sent acknowledgement
CSP: Receive request from SP 3 (18 bytes to SP 4)
CSP: Request from SP 3 is queued in the request queue
CSP: Receive request from SP 7 (17 bytes to SP 0)
CSP: Request from SP 7 is queued in the request queue
CSP: Receiving data frame from SP 1
CSP: Forwarded data frame (from SP 1) to SP 3
CSP: Moved SP 13 request from request queue to data queue, sent acknowledgement
CSP: Receive request from SP 8 (17 bytes to SP 0)
CSP: Request from SP 8 is queued in the request queue
CSP: Receiving data frame from SP 4
CSP: Forwarded data frame (from SP 4) to SP 0
CSP: Moved SP 3 request from request queue to data queue, sent acknowledgement
CSP: Receive request from SP 1 (17 bytes to SP 0)
CSP: Request from SP 1 is queued in the request queue
CSP: Receive request from SP 4 (17 bytes to SP 17)
CSP: Request from SP 4 is queued in the request queue
CSP: Receiving data frame from SP 13
CSP: Forwarded data frame (from SP 13) to SP 8
CSP: Moved SP 7 request from request queue to data queue, sent acknowledgement
CSP: Receive request from SP 13 (18 bytes to SP 3)
CSP: Request from SP 13 is queued in the request queue
CSP: Receiving data frame from SP 3
CSP: Forwarded data frame (from SP 3) to SP 4
CSP: Moved SP 8 request from request queue to data queue, sent acknowledgement
CSP: Receiving data frame from SP 7
CSP: Forwarded data frame (from SP 7) to SP 0
CSP: Moved SP 1 request from request queue to data queue, sent acknowledgement
CSP: Received a ready to quit notification from SP 3
CSP: Receive request from SP 7 (18 bytes to SP 17)
CSP: Request from SP 7 is queued in the request queue
CSP: Receiving data frame from SP 1
CSP: Forwarded data frame (from SP 1) to SP 0
CSP: Moved SP 4 request from request queue to data queue, sent acknowledgement
CSP: Receiving data frame from SP 8
CSP: Forwarded data frame (from SP 8) to SP 0
CSP: Moved SP 13 request from request queue to data queue, sent acknowledgement
CSP: Receive request from SP 1 (17 bytes to SP 17)
CSP: Request from SP 1 is queued in the request queue
CSP: Receive request from SP 8 (17 bytes to SP 17)
CSP: Request from SP 8 is queued in the request queue
CSP: Receiving data frame from SP 4
CSP: Forwarded data frame (from SP 4) to SP 17
CSP: Moved SP 7 request from request queue to data queue, sent acknowledgement
CSP: Receiving data frame from SP 13
CSP: Forwarded data frame (from SP 13) to SP 3
CSP: Moved SP 1 request from request queue to data queue, sent acknowledgement
CSP: Receive request from SP 4 (17 bytes to SP 9)
CSP: Request from SP 4 is queued in the request queue
CSP: Receive request from SP 13 (18 bytes to SP 14)
CSP: Request from SP 13 is queued in the request queue
CSP: Receiving data frame from SP 1
CSP: Forwarded data frame (from SP 1) to SP 17
CSP: Moved SP 8 request from request queue to data queue, sent acknowledgement
CSP: Receiving data frame from SP 7
CSP: Forwarded data frame (from SP 7) to SP 17
CSP: Moved SP 4 request from request queue to data queue, sent acknowledgement
CSP: Receive request from SP 1 (17 bytes to SP 6)
CSP: Request from SP 1 is queued in the request queue
CSP: Receive request from SP 7 (18 bytes to SP 2)
CSP: Request from SP 7 is queued in the request queue
CSP: Receiving data frame from SP 8
CSP: Forwarded data frame (from SP 8) to SP 17
CSP: Moved SP 13 request from request queue to data queue, sent acknowledgement
CSP: Receiving data frame from SP 4
CSP: Forwarded data frame (from SP 4) to SP 9
CSP: Moved SP 1 request from request queue to data queue, sent acknowledgement
CSP: Receive request from SP 8 (17 bytes to SP 0)
CSP: Request from SP 8 is queued in the request queue
CSP: Receive request from SP 4 (17 bytes to SP 0)
CSP: Request from SP 4 is queued in the request queue
CSP: Receiving data frame from SP 1
CSP: Forwarded data frame (from SP 1) to SP 6
CSP: Moved SP 7 request from request queue to data queue, sent acknowledgement
CSP: Receiving data frame from SP 13
CSP: Forwarded data frame (from SP 13) to SP 14
CSP: Moved SP 8 request from request queue to data queue, sent acknowledgement
CSP: Received a ready to quit notification from SP 13
CSP: Receive request from SP 1 (17 bytes to SP 0)
CSP: Request from SP 1 is queued in the request queue
CSP: Receiving data frame from SP 8
CSP: Forwarded data frame (from SP 8) to SP 0
CSP: Moved SP 4 request from request queue to data queue, sent acknowledgement
CSP: Receiving data frame from SP 7
CSP: Forwarded data frame (from SP 7) to SP 2
CSP: Moved SP 1 request from request queue to data queue, sent acknowledgement
CSP: Receive request from SP 8 (17 bytes to SP 17)
CSP: Request from SP 8 is queued in the request queue
CSP: Receive request from SP 7 (18 bytes to SP 12)
CSP: Request from SP 7 is queued in the request queue
CSP: Receiving data frame from SP 1
CSP: Forwarded data frame (from SP 1) to SP 0
CSP: Moved SP 8 request from request queue to data queue, sent acknowledgement
CSP: Receiving data frame from SP 4
CSP: Forwarded data frame (from SP 4) to SP 0
CSP: Moved SP 7 request from request queue to data queue, sent acknowledgement
CSP: Receive request from SP 1 (17 bytes to SP 17)
CSP: Request from SP 1 is queued in the request queue
CSP: Receive request from SP 4 (17 bytes to SP 17)
CSP: Request from SP 4 is queued in the request queue
CSP: Receiving data frame from SP 8
CSP: Forwarded data frame (from SP 8) to SP 17
CSP: Moved SP 1 request from request queue to data queue, sent acknowledgement
CSP: Receiving data frame from SP 7
CSP: Forwarded data frame (from SP 7) to SP 12
CSP: Moved SP 4 request from request queue to data queue, sent acknowledgement
CSP: Receive request from SP 8 (17 bytes to SP 0)
CSP: Request from SP 8 is queued in the request queue
CSP: Receive request from SP 7 (18 bytes to SP 8)
CSP: Request from SP 7 is queued in the request queue
CSP: Receiving data frame from SP 1
CSP: Forwarded data frame (from SP 1) to SP 17
CSP: Moved SP 8 request from request queue to data queue, sent acknowledgement
CSP: Receive request from SP 12 (17 bytes to SP 9)
CSP: Request from SP 12 is queued in the request queue
CSP: Receiving data frame from SP 4
CSP: Forwarded data frame (from SP 4) to SP 17
CSP: Moved SP 7 request from request queue to data queue, sent acknowledgement
CSP: Receive request from SP 1 (17 bytes to SP 9)
CSP: Request from SP 1 is queued in the request queue
CSP: Receive request from SP 4 (17 bytes to SP 12)
CSP: Request from SP 4 is queued in the request queue
CSP: Receiving data frame from SP 8
CSP: Forwarded data frame (from SP 8) to SP 0
CSP: Moved SP 12 request from request queue to data queue, sent acknowledgement
CSP: Receiving data frame from SP 7
CSP: Forwarded data frame (from SP 7) to SP 8
CSP: Moved SP 1 request from request queue to data queue, sent acknowledgement
CSP: Receive request from SP 8 (17 bytes to SP 17)
CSP: Request from SP 8 is queued in the request queue
CSP: Received a ready to quit notification from SP 7
CSP: Receiving data frame from SP 1
CSP: Forwarded data frame (from SP 1) to SP 9
CSP: Moved SP 4 request from request queue to data queue, sent acknowledgement
CSP: Receiving data frame from SP 12
CSP: Forwarded data frame (from SP 12) to SP 9
CSP: Moved SP 8 request from request queue to data queue, sent acknowledgement
CSP: Receive request from SP 1 (17 bytes to SP 0)
CSP: Request from SP 1 is queued in the request queue
CSP: Receive request from SP 12 (17 bytes to SP 0)
CSP: Request from SP 12 is queued in the request queue
CSP: Receiving data frame from SP 8
CSP: Forwarded data frame (from SP 8) to SP 17
CSP: Moved SP 1 request from request queue to data queue, sent acknowledgement
CSP: Receiving data frame from SP 4
CSP: Forwarded data frame (from SP 4) to SP 12
CSP: Moved SP 12 request from request queue to data queue, sent acknowledgement
CSP: Receive request from SP 8 (18 bytes to SP 0)
CSP: Request from SP 8 is queued in the request queue
CSP: Receive request from SP 4 (17 bytes to SP 0)
CSP: Request from SP 4 is queued in the request queue
CSP: Receiving data frame from SP 1
CSP: Forwarded data frame (from SP 1) to SP 0
CSP: Moved SP 8 request from request queue to data queue, sent acknowledgement
CSP: Receiving data frame from SP 12
CSP: Forwarded data frame (from SP 12) to SP 0
CSP: Moved SP 4 request from request queue to data queue, sent acknowledgement
CSP: Receive request from SP 1 (18 bytes to SP 17)
CSP: Request from SP 1 is queued in the request queue
CSP: Receive request from SP 12 (17 bytes to SP 17)
CSP: Request from SP 12 is queued in the request queue
CSP: Receiving data frame from SP 8
CSP: Forwarded data frame (from SP 8) to SP 0
CSP: Moved SP 1 request from request queue to data queue, sent acknowledgement
CSP: Receiving data frame from SP 4
CSP: Forwarded data frame (from SP 4) to SP 0
CSP: Moved SP 12 request from request queue to data queue, sent acknowledgement
CSP: Receive request from SP 8 (18 bytes to SP 17)
CSP: Request from SP 8 is queued in the request queue
CSP: Receive request from SP 4 (18 bytes to SP 17)
CSP: Request from SP 4 is queued in the request queue
CSP: Receiving data frame from SP 1
CSP: Forwarded data frame (from SP 1) to SP 17
CSP: Moved SP 8 request from request queue to data queue, sent acknowledgement
CSP: Receiving data frame from SP 12
CSP: Forwarded data frame (from SP 12) to SP 17
CSP: Moved SP 4 request from request queue to data queue, sent acknowledgement
CSP: Receive request from SP 1 (18 bytes to SP 11)
CSP: Request from SP 1 is queued in the request queue
CSP: Receive request from SP 12 (17 bytes to SP 6)
CSP: Request from SP 12 is queued in the request queue
CSP: Receiving data frame from SP 8
CSP: Forwarded data frame (from SP 8) to SP 17
CSP: Moved SP 1 request from request queue to data queue, sent acknowledgement
CSP: Receiving data frame from SP 4
CSP: Forwarded data frame (from SP 4) to SP 17
CSP: Moved SP 12 request from request queue to data queue, sent acknowledgement
CSP: Receive request from SP 8 (18 bytes to SP 3)
CSP: Request from SP 8 is queued in the request queue
CSP: Receive request from SP 4 (18 bytes to SP 14)
CSP: Request from SP 4 is queued in the request queue
CSP: Receiving data frame from SP 1
CSP: Forwarded data frame (from SP 1) to SP 11
CSP: Moved SP 8 request from request queue to data queue, sent acknowledgement
CSP: Receiving data frame from SP 12
CSP: Forwarded data frame (from SP 12) to SP 6
CSP: Moved SP 4 request from request queue to data queue, sent acknowledgement
CSP: Receive request from SP 1 (18 bytes to SP 6)
CSP: Request from SP 1 is queued in the request queue
CSP: Receive request from SP 12 (17 bytes to SP 0)
CSP: Request from SP 12 is queued in the request queue
CSP: Receiving data frame from SP 8
CSP: Forwarded data frame (from SP 8) to SP 3
CSP: Moved SP 1 request from request queue to data queue, sent acknowledgement
CSP: Receiving data frame from SP 4
CSP: Forwarded data frame (from SP 4) to SP 14
CSP: Moved SP 12 request from request queue to data queue, sent acknowledgement
CSP: Receive request from SP 8 (18 bytes to SP 13)
CSP: Request from SP 8 is queued in the request queue
CSP: Receive request from SP 4 (18 bytes to SP 9)
CSP: Request from SP 4 is queued in the request queue
CSP: Receiving data frame from SP 1
CSP: Forwarded data frame (from SP 1) to SP 6
CSP: Moved SP 8 request from request queue to data queue, sent acknowledgement
CSP: Receiving data frame from SP 12
CSP: Forwarded data frame (from SP 12) to SP 0
CSP: Moved SP 4 request from request queue to data queue, sent acknowledgement
CSP: Receive request from SP 1 (18 bytes to SP 2)
CSP: Request from SP 1 is queued in the request queue
CSP: Receive request from SP 12 (17 bytes to SP 17)
CSP: Request from SP 12 is queued in the request queue
CSP: Receiving data frame from SP 8
CSP: Forwarded data frame (from SP 8) to SP 13
CSP: Moved SP 1 request from request queue to data queue, sent acknowledgement
CSP: Receiving data frame from SP 4
CSP: Forwarded data frame (from SP 4) to SP 9
CSP: Moved SP 12 request from request queue to data queue, sent acknowledgement
CSP: Receive request from SP 8 (18 bytes to SP 9)
CSP: Request from SP 8 is queued in the request queue
CSP: Receive request from SP 4 (18 bytes to SP 5)
CSP: Request from SP 4 is queued in the request queue
CSP: Receiving data frame from SP 1
CSP: Forwarded data frame (from SP 1) to SP 2
CSP: Moved SP 8 request from request queue to data queue, sent acknowledgement
CSP: Receiving data frame from SP 12
CSP: Forwarded data frame (from SP 12) to SP 17
CSP: Moved SP 4 request from request queue to data queue, sent acknowledgement
CSP: Received a ready to quit notification from SP 1
CSP: Receive request from SP 12 (17 bytes to SP 3)
CSP: Request from SP 12 is queued in the request queue
CSP: Receiving data frame from SP 8
CSP: Forwarded data frame (from SP 8) to SP 9
CSP: Moved SP 12 request from request queue to data queue, sent acknowledgement
CSP: Receiving data frame from SP 4
CSP: Forwarded data frame (from SP 4) to SP 5
CSP: Received a ready to quit notification from SP 8
CSP: Received a ready to quit notification from SP 4
CSP: Receiving data frame from SP 12
CSP: Forwarded data frame (from SP 12) to SP 3
CSP: Receive request from SP 12 (18 bytes to SP 0)
CSP: Request from SP 12 is accepted
CSP: Receiving data frame from SP 12
CSP: Forwarded data frame (from SP 12) to SP 0
CSP: Receive request from SP 12 (18 bytes to SP 17)
CSP: Request from SP 12 is accepted
CSP: Receiving data frame from SP 12
CSP: Forwarded data frame (from SP 12) to SP 17
CSP: Receive request from SP 12 (18 bytes to SP 7)
CSP: Request from SP 12 is accepted
CSP: Receiving data frame from SP 12
CSP: Forwarded data frame (from SP 12) to SP 7
CSP: Receive request from SP 12 (18 bytes to SP 2)
CSP: Request from SP 12 is accepted
CSP: Receiving data frame from SP 12
CSP: Forwarded data frame (from SP 12) to SP 2
CSP: Receive request from SP 12 (18 bytes to SP 13)
CSP: Request from SP 12 is accepted
CSP: Receiving data frame from SP 12
CSP: Forwarded data frame (from SP 12) to SP 13
CSP: Received a ready to quit notification from SP 12
CSP: Notified SP 16 to stop waiting
CSP: Receive request from SP 16 (17 bytes to SP 13)
CSP: Request from SP 16 is accepted
CSP: Receiving data frame from SP 16
CSP: Forwarded data frame (from SP 16) to SP 13
CSP: Receive request from SP 16 (17 bytes to SP 0)
CSP: Request from SP 16 is accepted
CSP: Receiving data frame from SP 16
CSP: Forwarded data frame (from SP 16) to SP 0
CSP: Receive request from SP 16 (17 bytes to SP 17)
CSP: Request from SP 16 is accepted
CSP: Receiving data frame from SP 16
CSP: Forwarded data frame (from SP 16) to SP 17
CSP: Receive request from SP 16 (17 bytes to SP 10)
CSP: Request from SP 16 is accepted
CSP: Receiving data frame from SP 16
CSP: Forwarded data frame (from SP 16) to SP 10
CSP: Receive request from SP 16 (17 bytes to SP 0)
CSP: Request from SP 16 is accepted
CSP: Receiving data frame from SP 16
CSP: Forwarded data frame (from SP 16) to SP 0
CSP: Receive request from SP 16 (17 bytes to SP 17)
CSP: Request from SP 16 is accepted
CSP: Receiving data frame from SP 16
CSP: Forwarded data frame (from SP 16) to SP 17
CSP: Receive request from SP 16 (17 bytes to SP 7)
CSP: Request from SP 16 is accepted
CSP: Receiving data frame from SP 16
CSP: Forwarded data frame (from SP 16) to SP 7
CSP: Receive request from SP 16 (18 bytes to SP 0)
CSP: Request from SP 16 is accepted
CSP: Receiving data frame from SP 16
CSP: Forwarded data frame (from SP 16) to SP 0
CSP: Receive request from SP 16 (18 bytes to SP 17)
CSP: Request from SP 16 is accepted
CSP: Receiving data frame from SP 16
CSP: Forwarded data frame (from SP 16) to SP 17
CSP: Receive request from SP 16 (18 bytes to SP 11)
CSP: Request from SP 16 is accepted
CSP: Receiving data frame from SP 16
CSP: Forwarded data frame (from SP 16) to SP 11
CSP: Receive request from SP 16 (18 bytes to SP 6)
CSP: Request from SP 16 is accepted
CSP: Receiving data frame from SP 16
CSP: Forwarded data frame (from SP 16) to SP 6
CSP: Receive request from SP 16 (18 bytes to SP 1)
CSP: Request from SP 16 is accepted
CSP: Receiving data frame from SP 16
CSP: Forwarded data frame (from SP 16) to SP 1
CSP: Received a ready to quit notification from SP 16
CSP: Sent the quit confirm to SP 0
CSP: Sent the quit confirm to SP 1
CSP: Sent the quit confirm to SP 2
CSP: Sent the quit confirm to SP 3
CSP: Sent the quit confirm to SP 4
CSP: Sent the quit confirm to SP 5
CSP: Sent the quit confirm to SP 6
CSP: Sent the quit confirm to SP 7
CSP: Sent the quit confirm to SP 8
CSP: Sent the quit confirm to SP 9
CSP: Sent the quit confirm to SP 10
CSP: Sent the quit confirm to SP 11
CSP: Sent the quit confirm to SP 12
CSP: Sent the quit confirm to SP 13
CSP: Sent the quit confirm to SP 14
CSP: Sent the quit confirm to SP 15
CSP: Sent the quit confirm to SP 16
CSP: Sent the quit confirm to SP 17
CSP: Ending simulation
